[debug] [2022-09-01T23:04:24.896Z] ----------------------------------------------------------------------
[debug] [2022-09-01T23:04:24.897Z] Command:       /home/zidxne/.nvm/versions/node/v18.3.0/bin/node /usr/local/bin/firebase init
[debug] [2022-09-01T23:04:24.897Z] CLI Version:   11.4.0
[debug] [2022-09-01T23:04:24.898Z] Platform:      linux
[debug] [2022-09-01T23:04:24.898Z] Node Version:  v18.3.0
[debug] [2022-09-01T23:04:24.898Z] Time:          Thu Sep 01 2022 18:04:24 GMT-0500 (Eastern Standard Time)
[debug] [2022-09-01T23:04:24.898Z] ----------------------------------------------------------------------
[debug] 
[debug] [2022-09-01T23:04:24.900Z] >>> [apiv2][query] GET https://firebase-public.firebaseio.com/cli.json [none]
[debug] [2022-09-01T23:04:24.940Z] > command requires scopes: ["email","openid","https://www.googleapis.com/auth/cloudplatformprojects.readonly","https://www.googleapis.com/auth/firebase","https://www.googleapis.com/auth/cloud-platform"]
[debug] [2022-09-01T23:04:24.941Z] > authorizing via signed-in user (zidaneinnis@gmail.com)
[info] 
     ######## #### ########  ######## ########     ###     ######  ########
     ##        ##  ##     ## ##       ##     ##  ##   ##  ##       ##
     ######    ##  ########  ######   ########  #########  ######  ######
     ##        ##  ##    ##  ##       ##     ## ##     ##       ## ##
     ##       #### ##     ## ######## ########  ##     ##  ######  ########

You're about to initialize a Firebase project in this directory:

  /home/zidxne/ReactBuilds/slack-clone-reactjs

[debug] [2022-09-01T23:04:25.208Z] <<< [apiv2][status] GET https://firebase-public.firebaseio.com/cli.json 200
[debug] [2022-09-01T23:04:25.208Z] <<< [apiv2][body] GET https://firebase-public.firebaseio.com/cli.json {"cloudBuildErrorAfter":1594252800000,"cloudBuildWarnAfter":1590019200000,"defaultNode10After":1594252800000,"minVersion":"3.0.5","node8DeploysDisabledAfter":1613390400000,"node8RuntimeDisabledAfter":1615809600000,"node8WarnAfter":1600128000000}
